<?xml version="1.0" encoding="utf-8"?><testsuites name="pytest tests"><testsuite name="pytest" errors="0" failures="3" skipped="0" tests="12" time="3.393" timestamp="2025-11-14T00:23:05.003321+10:30" hostname="M03K"><testcase classname="test_api_coverage.TestAPIVariables" name="test_parse_variables_function" time="0.088" /><testcase classname="test_api_coverage.TestAPIResponseModels" name="test_response_models_import" time="0.074"><failure message="pydantic_core._pydantic_core.ValidationError: 10 validation errors for ForecastResponse&#10;horizon&#10;  Field required [type=missing, input_value={}, input_type=dict]&#10;    For further information visit https://errors.pydantic.dev/2.12/v/missing&#10;generated_at&#10;  Field required [type=missing, input_value={}, input_type=dict]&#10;    For further information visit https://errors.pydantic.dev/2.12/v/missing&#10;variables&#10;  Field required [type=missing, input_value={}, input_type=dict]&#10;    For further information visit https://errors.pydantic.dev/2.12/v/missing&#10;narrative&#10;  Field required [type=missing, input_value={}, input_type=dict]&#10;    For further information visit https://errors.pydantic.dev/2.12/v/missing&#10;risk_assessment&#10;  Field required [type=missing, input_value={}, input_type=dict]&#10;    For further information visit https://errors.pydantic.dev/2.12/v/missing&#10;analogs_summary&#10;  Field required [type=missing, input_value={}, input_type=dict]&#10;    For further information visit https://errors.pydantic.dev/2.12/v/missing&#10;confidence_explanation&#10;  Field required [type=missing, input_value={}, input_type=dict]&#10;    For further information visit https://errors.pydantic.dev/2.12/v/missing&#10;versions&#10;  Field required [type=missing, input_value={}, input_type=dict]&#10;    For further information visit https://errors.pydantic.dev/2.12/v/missing&#10;hashes&#10;  Field required [type=missing, input_value={}, input_type=dict]&#10;    For further information visit https://errors.pydantic.dev/2.12/v/missing&#10;latency_ms&#10;  Field required [type=missing, input_value={}, input_type=dict]&#10;    For further information visit https://errors.pydantic.dev/2.12/v/missing">self = &lt;test_api_coverage.TestAPIResponseModels object at 0x75240eb9b350&gt;

    def test_response_models_import(self):
        """Test response models can be imported"""
        try:
            from api.response_models import ForecastResponse
            # Basic instantiation test
&gt;           response = ForecastResponse()
                       ^^^^^^^^^^^^^^^^^^
E           pydantic_core._pydantic_core.ValidationError: 10 validation errors for ForecastResponse
E           horizon
E             Field required [type=missing, input_value={}, input_type=dict]
E               For further information visit https://errors.pydantic.dev/2.12/v/missing
E           generated_at
E             Field required [type=missing, input_value={}, input_type=dict]
E               For further information visit https://errors.pydantic.dev/2.12/v/missing
E           variables
E             Field required [type=missing, input_value={}, input_type=dict]
E               For further information visit https://errors.pydantic.dev/2.12/v/missing
E           narrative
E             Field required [type=missing, input_value={}, input_type=dict]
E               For further information visit https://errors.pydantic.dev/2.12/v/missing
E           risk_assessment
E             Field required [type=missing, input_value={}, input_type=dict]
E               For further information visit https://errors.pydantic.dev/2.12/v/missing
E           analogs_summary
E             Field required [type=missing, input_value={}, input_type=dict]
E               For further information visit https://errors.pydantic.dev/2.12/v/missing
E           confidence_explanation
E             Field required [type=missing, input_value={}, input_type=dict]
E               For further information visit https://errors.pydantic.dev/2.12/v/missing
E           versions
E             Field required [type=missing, input_value={}, input_type=dict]
E               For further information visit https://errors.pydantic.dev/2.12/v/missing
E           hashes
E             Field required [type=missing, input_value={}, input_type=dict]
E               For further information visit https://errors.pydantic.dev/2.12/v/missing
E           latency_ms
E             Field required [type=missing, input_value={}, input_type=dict]
E               For further information visit https://errors.pydantic.dev/2.12/v/missing

test_api_coverage.py:66: ValidationError</failure></testcase><testcase classname="test_api_coverage.TestAPILogging" name="test_logging_config_import" time="0.814" /><testcase classname="test_api_coverage.TestAPITokenManager" name="test_token_manager_basics" time="0.128" /><testcase classname="test_api_coverage.TestAPIHealthChecks" name="test_health_checker_mock" time="0.002" /><testcase classname="test_api_coverage.TestAPIForecastAdapter" name="test_forecast_adapter_mock" time="0.823"><failure message="AttributeError: module 'api' has no attribute 'forecast_adapter'">args = (&lt;test_api_coverage.TestAPIForecastAdapter object at 0x75240e940fb0&gt;,)
keywargs = {}

    @wraps(func)
    def patched(*args, **keywargs):
&gt;       with self.decoration_helper(patched,
                                    args,
                                    keywargs) as (newargs, newkeywargs):

/usr/lib/python3.12/unittest/mock.py:1387: 
_ _ _ _ _ _ _ _ _ _ _ _ _ _ _ _ _ _ _ _ _ _ _ _ _ _ _ _ _ _ _ _ _ _ _ _ _ _ _ _ 
/usr/lib/python3.12/contextlib.py:137: in __enter__
    return next(self.gen)
           ^^^^^^^^^^^^^^
/usr/lib/python3.12/unittest/mock.py:1369: in decoration_helper
    arg = exit_stack.enter_context(patching)
          ^^^^^^^^^^^^^^^^^^^^^^^^^^^^^^^^^^
/usr/lib/python3.12/contextlib.py:526: in enter_context
    result = _enter(cm)
             ^^^^^^^^^^
/usr/lib/python3.12/unittest/mock.py:1442: in __enter__
    self.target = self.getter()
                  ^^^^^^^^^^^^^
_ _ _ _ _ _ _ _ _ _ _ _ _ _ _ _ _ _ _ _ _ _ _ _ _ _ _ _ _ _ _ _ _ _ _ _ _ _ _ _ 

name = 'api.forecast_adapter'

    def resolve_name(name):
        """
        Resolve a name to an object.
    
        It is expected that `name` will be a string in one of the following
        formats, where W is shorthand for a valid Python identifier and dot stands
        for a literal period in these pseudo-regexes:
    
        W(.W)*
        W(.W)*:(W(.W)*)?
    
        The first form is intended for backward compatibility only. It assumes that
        some part of the dotted name is a package, and the rest is an object
        somewhere within that package, possibly nested inside other objects.
        Because the place where the package stops and the object hierarchy starts
        can't be inferred by inspection, repeated attempts to import must be done
        with this form.
    
        In the second form, the caller makes the division point clear through the
        provision of a single colon: the dotted name to the left of the colon is a
        package to be imported, and the dotted name to the right is the object
        hierarchy within that package. Only one import is needed in this form. If
        it ends with the colon, then a module object is returned.
    
        The function will return an object (which might be a module), or raise one
        of the following exceptions:
    
        ValueError - if `name` isn't in a recognised format
        ImportError - if an import failed when it shouldn't have
        AttributeError - if a failure occurred when traversing the object hierarchy
                         within the imported package to get to the desired object.
        """
        global _NAME_PATTERN
        if _NAME_PATTERN is None:
            # Lazy import to speedup Python startup time
            import re
            dotted_words = r'(?!\d)(\w+)(\.(?!\d)(\w+))*'
            _NAME_PATTERN = re.compile(f'^(?P&lt;pkg&gt;{dotted_words})'
                                       f'(?P&lt;cln&gt;:(?P&lt;obj&gt;{dotted_words})?)?$',
                                       re.UNICODE)
    
        m = _NAME_PATTERN.match(name)
        if not m:
            raise ValueError(f'invalid format: {name!r}')
        gd = m.groupdict()
        if gd.get('cln'):
            # there is a colon - a one-step import is all that's needed
            mod = importlib.import_module(gd['pkg'])
            parts = gd.get('obj')
            parts = parts.split('.') if parts else []
        else:
            # no colon - have to iterate to find the package boundary
            parts = name.split('.')
            modname = parts.pop(0)
            # first part *must* be a module/package.
            mod = importlib.import_module(modname)
            while parts:
                p = parts[0]
                s = f'{modname}.{p}'
                try:
                    mod = importlib.import_module(s)
                    parts.pop(0)
                    modname = s
                except ImportError:
                    break
        # if we reach this point, mod is the module, already imported, and
        # parts is the list of parts in the object hierarchy to be traversed, or
        # an empty list if just the module is wanted.
        result = mod
        for p in parts:
&gt;           result = getattr(result, p)
                     ^^^^^^^^^^^^^^^^^^
E           AttributeError: module 'api' has no attribute 'forecast_adapter'

/usr/lib/python3.12/pkgutil.py:528: AttributeError</failure></testcase><testcase classname="test_api_coverage.TestCoreComponents" name="test_analog_forecaster_mock" time="0.001"><failure message="TypeError: RealTimeAnalogForecaster.__init__() got an unexpected keyword argument 'embeddings_path'">self = &lt;test_api_coverage.TestCoreComponents object at 0x75240e9410a0&gt;

    def test_analog_forecaster_mock(self):
        """Test analog forecaster with mocks"""
        with patch.dict('sys.modules', {
            'torch': Mock(),
            'faiss': Mock(),
            'sklearn': Mock(),
            'numpy': Mock()
        }):
            try:
                from core.analog_forecaster import RealTimeAnalogForecaster
    
                # Create with mocked dependencies
&gt;               forecaster = RealTimeAnalogForecaster(
                    embeddings_path="mock_path",
                    outcomes_path="mock_path",
                    metadata_path="mock_path"
                )
E               TypeError: RealTimeAnalogForecaster.__init__() got an unexpected keyword argument 'embeddings_path'

test_api_coverage.py:195: TypeError</failure></testcase><testcase classname="test_api_coverage.TestCoreComponents" name="test_model_loader_mock" time="0.002" /><testcase classname="test_api_coverage.TestPerformanceMetrics" name="test_performance_middleware" time="0.001" /><testcase classname="test_api_coverage.TestSecurityComponents" name="test_security_middleware" time="0.006" /><testcase classname="test_api_coverage.TestEnvironmentConfig" name="test_environment_variables" time="0.001" /><testcase classname="test_api_coverage.TestIntegrationHelpers" name="test_json_serialization" time="0.001" /></testsuite></testsuites>